Start testing: Aug 31 17:08 EEST
----------------------------------------------------------
1/4 Testing: pano_app_contract
1/4 Test: pano_app_contract
Command: "/home/pogorelov/panorama-taker/stitcher/native/build-release/pano_app_contract_test"
Directory: /home/pogorelov/panorama-taker/stitcher/native/build-release
"pano_app_contract" start time: Aug 31 17:08 EEST
Output:
----------------------------------------------------------
<end of output>
Test time =   0.31 sec
----------------------------------------------------------
Test Passed.
"pano_app_contract" end time: Aug 31 17:08 EEST
"pano_app_contract" time elapsed: 00:00:00
----------------------------------------------------------

2/4 Testing: pano_gpu_contract
2/4 Test: pano_gpu_contract
Command: "/home/pogorelov/panorama-taker/stitcher/native/build-release/pano_gpu_contract_test"
Directory: /home/pogorelov/panorama-taker/stitcher/native/build-release
"pano_gpu_contract" start time: Aug 31 17:08 EEST
Output:
----------------------------------------------------------
<end of output>
Test time =   0.00 sec
----------------------------------------------------------
Test Passed.
"pano_gpu_contract" end time: Aug 31 17:08 EEST
"pano_gpu_contract" time elapsed: 00:00:00
----------------------------------------------------------

3/4 Testing: pano_gpu_contract_check_failure
3/4 Test: pano_gpu_contract_check_failure
Command: "/home/pogorelov/panorama-taker/stitcher/native/build-release/pano_gpu_contract_test" "--expect-check-failure"
Directory: /home/pogorelov/panorama-taker/stitcher/native/build-release
"pano_gpu_contract_check_failure" start time: Aug 31 17:08 EEST
Output:
----------------------------------------------------------
contract check failed at line 42: false
<end of output>
Test time =   0.00 sec
----------------------------------------------------------
Test Passed.
"pano_gpu_contract_check_failure" end time: Aug 31 17:08 EEST
"pano_gpu_contract_check_failure" time elapsed: 00:00:00
----------------------------------------------------------

4/4 Testing: pano_gpu_cancellation_token
4/4 Test: pano_gpu_cancellation_token
Command: "/home/pogorelov/panorama-taker/stitcher/native/build-release/pano_gpu_contract_test" "--token-only"
Directory: /home/pogorelov/panorama-taker/stitcher/native/build-release
"pano_gpu_cancellation_token" start time: Aug 31 17:08 EEST
Output:
----------------------------------------------------------
<end of output>
Test time =   0.00 sec
----------------------------------------------------------
Test Passed.
"pano_gpu_cancellation_token" end time: Aug 31 17:08 EEST
"pano_gpu_cancellation_token" time elapsed: 00:00:00
----------------------------------------------------------

End testing: Aug 31 17:08 EEST
